<?xml version="1.0" encoding="utf-8"?><testsuites><testsuite name="pytest" errors="0" failures="0" skipped="0" tests="100" time="161.944" timestamp="2026-03-01T11:26:28.406823+01:00" hostname="MACJ52TFXLR42"><testcase classname="tests.tgedr_dataops_ext.commons.test_dataset" name="test_dataset" time="8.873" /><testcase classname="tests.tgedr_dataops_ext.commons.test_dataset" name="test_dataset_str" time="0.096" /><testcase classname="tests.tgedr_dataops_ext.commons.test_etl_databricks.TestInit" name="test_no_configuration_sets_no_run_id" time="0.000" /><testcase classname="tests.tgedr_dataops_ext.commons.test_etl_databricks.TestInit" name="test_configuration_without_run_id_sets_no_run_id" time="0.000" /><testcase classname="tests.tgedr_dataops_ext.commons.test_etl_databricks.TestInit" name="test_configuration_with_run_id_is_stored" time="0.000" /><testcase classname="tests.tgedr_dataops_ext.commons.test_etl_databricks.TestInit" name="test_configuration_is_passed_to_parent" time="0.000" /><testcase classname="tests.tgedr_dataops_ext.commons.test_etl_databricks.TestRun" name="test_run_calls_etl_steps_in_order" time="0.000" /><testcase classname="tests.tgedr_dataops_ext.commons.test_etl_databricks.TestRun" name="test_run_returns_load_result" time="0.000" /><testcase classname="tests.tgedr_dataops_ext.commons.test_etl_databricks.TestRun" name="test_run_without_run_id_does_not_call_dbutils" time="0.001" /><testcase classname="tests.tgedr_dataops_ext.commons.test_etl_databricks.TestRun" name="test_run_with_run_id_sets_task_values" time="0.001" /><testcase classname="tests.tgedr_dataops_ext.commons.test_etl_databricks.TestRun" name="test_run_with_run_id_and_none_result_does_not_call_dbutils" time="0.000" /><testcase classname="tests.tgedr_dataops_ext.commons.test_etl_databricks.TestRun" name="test_run_with_run_id_warns_when_dbutils_jobs_missing" time="0.001" /><testcase classname="tests.tgedr_dataops_ext.commons.test_etl_databricks.TestReadTaskValue" name="test_returns_value_when_dbutils_accessible" time="0.001" /><testcase classname="tests.tgedr_dataops_ext.commons.test_etl_databricks.TestReadTaskValue" name="test_returns_none_when_dbutils_not_accessible" time="0.001" /><testcase classname="tests.tgedr_dataops_ext.commons.test_etl_databricks.TestInjectConfiguration" name="test_injects_value_from_configuration" time="0.000" /><testcase classname="tests.tgedr_dataops_ext.commons.test_etl_databricks.TestInjectConfiguration" name="test_uses_default_when_param_not_in_configuration" time="0.000" /><testcase classname="tests.tgedr_dataops_ext.commons.test_etl_databricks.TestInjectConfiguration" name="test_raises_etl_exception_for_missing_required_param" time="0.001" /><testcase classname="tests.tgedr_dataops_ext.commons.test_etl_databricks.TestInjectConfiguration" name="test_task_value_param_resolved_when_run_id_set" time="0.001" /><testcase classname="tests.tgedr_dataops_ext.commons.test_etl_databricks.TestInjectConfiguration" name="test_task_value_param_not_resolved_without_run_id" time="0.000" /><testcase classname="tests.tgedr_dataops_ext.commons.test_etl_databricks.TestInjectConfiguration" name="test_configuration_overrides_default" time="0.000" /><testcase classname="tests.tgedr_dataops_ext.commons.test_metadata" name="test_fieldframe" time="0.000" /><testcase classname="tests.tgedr_dataops_ext.commons.test_metadata" name="test_metadata" time="0.000" /><testcase classname="tests.tgedr_dataops_ext.commons.test_metadata" name="test_metadata_ne_and_le" time="0.000" /><testcase classname="tests.tgedr_dataops_ext.commons.test_utils_databricks.TestGetDbutils" name="test_returns_dbutils_when_dbutils_import_succeeds" time="0.001" /><testcase classname="tests.tgedr_dataops_ext.commons.test_utils_databricks.TestGetDbutils" name="test_returns_none_when_dbutils_import_fails" time="0.001" /><testcase classname="tests.tgedr_dataops_ext.commons.test_utils_databricks.TestGetDbutils" name="test_caches_dbutils_on_second_call" time="0.001" /><testcase classname="tests.tgedr_dataops_ext.commons.test_utils_databricks.TestGetDbutils" name="test_cache_is_returned_without_reimporting" time="0.001" /><testcase classname="tests.tgedr_dataops_ext.commons.test_utils_spark" name="test_local_spark" time="0.002" /><testcase classname="tests.tgedr_dataops_ext.commons.test_utils_spark" name="test_local_spark_with_config" time="0.003" /><testcase classname="tests.tgedr_dataops_ext.commons.test_utils_spark" name="test_local_spark_defined_by_env_with_config" time="0.002" /><testcase classname="tests.tgedr_dataops_ext.commons.test_utils_spark" name="test_not_aws_spark" time="0.039" /><testcase classname="tests.tgedr_dataops_ext.commons.test_utils_spark" name="test_not_aws_spark_no_config" time="0.018" /><testcase classname="tests.tgedr_dataops_ext.commons.test_utils_spark" name="test_buidl_schema_from_dtypes" time="0.000" /><testcase classname="tests.tgedr_dataops_ext.quality.test_pyspark_validation" name="test_pyspark_dataframe_validation_success" time="2.693" /><testcase classname="tests.tgedr_dataops_ext.quality.test_pyspark_validation" name="test_pyspark_dataframe_validation_with_failures" time="0.634" /><testcase classname="tests.tgedr_dataops_ext.quality.test_pyspark_validation" name="test_pyspark_dataframe_validation_empty_dataframe" time="0.152" /><testcase classname="tests.tgedr_dataops_ext.quality.test_pyspark_validation" name="test_pyspark_dataframe_validation_complex_expectations" time="0.706" /><testcase classname="tests.tgedr_dataops_ext.quality.test_pyspark_validation" name="test_pyspark_dataframe_validation_single_column" time="0.505" /><testcase classname="tests.tgedr_dataops_ext.quality.test_pyspark_validation" name="test_pyspark_dataframe_validation_with_null_handling" time="0.430" /><testcase classname="tests.tgedr_dataops_ext.sink.test_catalog_file_sink" name="test_put_file_in_target_file_and_delete" time="0.000" /><testcase classname="tests.tgedr_dataops_ext.sink.test_catalog_file_sink" name="test_put_raises_when_context_is_none" time="0.000" /><testcase classname="tests.tgedr_dataops_ext.sink.test_catalog_file_sink" name="test_put_raises_when_source_key_missing" time="0.000" /><testcase classname="tests.tgedr_dataops_ext.sink.test_catalog_file_sink" name="test_put_raises_when_target_key_missing" time="0.000" /><testcase classname="tests.tgedr_dataops_ext.sink.test_catalog_file_sink" name="test_delete_raises_when_context_is_none" time="0.000" /><testcase classname="tests.tgedr_dataops_ext.sink.test_catalog_file_sink" name="test_delete_raises_when_target_key_missing" time="0.000" /><testcase classname="tests.tgedr_dataops_ext.sink.test_catalog_file_sink" name="test_delete_raises_when_ls_returns_empty" time="0.000" /><testcase classname="tests.tgedr_dataops_ext.source.test_catalog_file_source" name="test_list" time="0.000" /><testcase classname="tests.tgedr_dataops_ext.source.test_catalog_file_source" name="test_get" time="0.000" /><testcase classname="tests.tgedr_dataops_ext.source.test_catalog_file_source" name="test_get_metadata_a" time="0.000" /><testcase classname="tests.tgedr_dataops_ext.source.test_catalog_file_source" name="test_get_metadata_b" time="0.000" /><testcase classname="tests.tgedr_dataops_ext.source.test_catalog_file_source" name="test_list_raises_when_context_is_none" time="0.000" /><testcase classname="tests.tgedr_dataops_ext.source.test_catalog_file_source" name="test_list_raises_when_source_key_missing" time="0.000" /><testcase classname="tests.tgedr_dataops_ext.source.test_catalog_file_source" name="test_list_returns_empty_and_warns_when_fs_raises" time="0.000" /><testcase classname="tests.tgedr_dataops_ext.source.test_catalog_file_source" name="test_get_raises_when_context_is_none" time="0.000" /><testcase classname="tests.tgedr_dataops_ext.source.test_catalog_file_source" name="test_get_raises_when_no_file_key" time="0.000" /><testcase classname="tests.tgedr_dataops_ext.source.test_catalog_file_source" name="test_get_raises_when_target_missing" time="0.000" /><testcase classname="tests.tgedr_dataops_ext.source.test_catalog_file_source" name="test_get_single_file_with_trailing_slash_target" time="0.000" /><testcase classname="tests.tgedr_dataops_ext.source.test_catalog_file_source" name="test_get_single_file_without_trailing_slash_target" time="0.000" /><testcase classname="tests.tgedr_dataops_ext.source.test_catalog_file_source" name="test_get_metadata_raises_when_context_is_none" time="0.000" /><testcase classname="tests.tgedr_dataops_ext.source.test_catalog_file_source" name="test_get_metadata_raises_when_source_key_missing" time="0.000" /><testcase classname="tests.tgedr_dataops_ext.source.test_delta_table_source" name="test_get_missing_url" time="0.000" /><testcase classname="tests.tgedr_dataops_ext.source.test_delta_table_source" name="test_list_missing_url" time="0.000" /><testcase classname="tests.tgedr_dataops_ext.source.test_local_delta_table" name="test_list" time="3.702" /><testcase classname="tests.tgedr_dataops_ext.source.test_local_delta_table" name="test_get" time="1.193" /><testcase classname="tests.tgedr_dataops_ext.source.test_local_delta_table" name="test_get_nosourceexception" time="0.001" /><testcase classname="tests.tgedr_dataops_ext.source.test_local_delta_table" name="test_list_missing_url" time="0.000" /><testcase classname="tests.tgedr_dataops_ext.source.test_local_delta_table" name="test_list_invalid_directory" time="0.000" /><testcase classname="tests.tgedr_dataops_ext.source.test_s3_delta_table" name="test_list" time="0.542" /><testcase classname="tests.tgedr_dataops_ext.source.test_s3_delta_table" name="test_get" time="0.008" /><testcase classname="tests.tgedr_dataops_ext.source.test_s3_delta_table" name="test_list_missing_url" time="0.003" /><testcase classname="tests.tgedr_dataops_ext.source.test_s3_delta_table" name="test_storage_options_with_config" time="0.000" /><testcase classname="tests.tgedr_dataops_ext.store.test_spark_delta" name="test_01_save" time="3.022" /><testcase classname="tests.tgedr_dataops_ext.store.test_spark_delta" name="test_get_nonexistent_table" time="0.009" /><testcase classname="tests.tgedr_dataops_ext.store.test_spark_delta" name="test_02_save_append" time="3.303" /><testcase classname="tests.tgedr_dataops_ext.store.test_spark_delta" name="test_03_save_overwrite" time="2.422" /><testcase classname="tests.tgedr_dataops_ext.store.test_spark_delta" name="test_04_save_with_partitions" time="29.856" /><testcase classname="tests.tgedr_dataops_ext.store.test_spark_delta" name="test_05_metadata" time="3.850" /><testcase classname="tests.tgedr_dataops_ext.store.test_spark_delta" name="test_06_delete_all" time="6.941" /><testcase classname="tests.tgedr_dataops_ext.store.test_spark_delta" name="test_06_delete_one_row" time="2.885" /><testcase classname="tests.tgedr_dataops_ext.store.test_spark_delta" name="test_07_update_one_row" time="3.502" /><testcase classname="tests.tgedr_dataops_ext.store.test_spark_delta" name="test_08_update_one_row_with_partition_change" time="17.770" /><testcase classname="tests.tgedr_dataops_ext.store.test_spark_delta" name="test_09_set_column_comments" time="9.726" /><testcase classname="tests.tgedr_dataops_ext.store.test_spark_delta" name="test_09b_save_with_table_name_and_column_descriptions" time="9.729" /><testcase classname="tests.tgedr_dataops_ext.store.test_spark_delta" name="test_10_schema_change" time="1.973" /><testcase classname="tests.tgedr_dataops_ext.store.test_spark_delta" name="test_get_table_none" time="0.012" /><testcase classname="tests.tgedr_dataops_ext.store.test_spark_delta" name="test_get_table_exception_handling" time="2.026" /><testcase classname="tests.tgedr_dataops_ext.store.test_spark_delta" name="test_delete_criteria_no_suitable_columns" time="0.010" /><testcase classname="tests.tgedr_dataops_ext.store.test_spark_delta" name="test_delete_criteria_with_textual_column" time="0.017" /><testcase classname="tests.tgedr_dataops_ext.store.test_spark_delta" name="test_save_with_metadata_and_retention" time="3.113" /><testcase classname="tests.tgedr_dataops_ext.store.test_spark_delta" name="test_save_with_only_retention_days" time="2.461" /><testcase classname="tests.tgedr_dataops_ext.store.test_spark_delta" name="test_update_without_partition_change" time="11.271" /><testcase classname="tests.tgedr_dataops_ext.store.test_spark_delta" name="test_get_metadata_no_metadata" time="2.069" /><testcase classname="tests.tgedr_dataops_ext.store.test_spark_delta" name="test_get_metadata_nonexistent_table" time="0.008" /><testcase classname="tests.tgedr_dataops_ext.store.test_spark_delta" name="test_get_with_version" time="4.371" /><testcase classname="tests.tgedr_dataops_ext.store.test_spark_delta" name="test_save_overwrite_with_partition_check" time="3.350" /><testcase classname="tests.tgedr_dataops_ext.store.test_spark_delta" name="test_update_creates_table_if_missing" time="2.213" /><testcase classname="tests.tgedr_dataops_ext.store.test_spark_delta" name="test_update_with_missing_columns" time="3.626" /><testcase classname="tests.tgedr_dataops_ext.store.test_spark_delta" name="test_update_with_both_retention_days" time="3.751" /><testcase classname="tests.tgedr_dataops_ext.store.test_spark_delta" name="test_update_with_only_retention_days" time="4.373" /><testcase classname="tests.tgedr_dataops_ext.store.test_spark_delta" name="test_get_metadata_with_version" time="2.158" /></testsuite></testsuites>