<?xml version="1.0" encoding="utf-8"?><testsuites><testsuite name="pytest" errors="0" failures="0" skipped="0" tests="55" time="153.444" timestamp="2026-02-06T13:39:49.225908+01:00" hostname="jtv"><testcase classname="tests.tgedr_dataops_ext.commons.test_dataset" name="test_dataset" time="3.310" /><testcase classname="tests.tgedr_dataops_ext.commons.test_dataset" name="test_dataset_str" time="0.034" /><testcase classname="tests.tgedr_dataops_ext.commons.test_metadata" name="test_fieldframe" time="0.000" /><testcase classname="tests.tgedr_dataops_ext.commons.test_metadata" name="test_metadata" time="0.000" /><testcase classname="tests.tgedr_dataops_ext.commons.test_metadata" name="test_metadata_ne_and_le" time="0.000" /><testcase classname="tests.tgedr_dataops_ext.commons.test_utils_spark" name="test_local_spark" time="0.002" /><testcase classname="tests.tgedr_dataops_ext.commons.test_utils_spark" name="test_local_spark_with_config" time="0.003" /><testcase classname="tests.tgedr_dataops_ext.commons.test_utils_spark" name="test_local_spark_defined_by_env_with_config" time="0.002" /><testcase classname="tests.tgedr_dataops_ext.commons.test_utils_spark" name="test_not_aws_spark" time="0.034" /><testcase classname="tests.tgedr_dataops_ext.commons.test_utils_spark" name="test_buidl_schema_from_dtypes" time="0.001" /><testcase classname="tests.tgedr_dataops_ext.quality.test_pyspark_validation" name="test_pyspark_dataframe_validation_success" time="2.932" /><testcase classname="tests.tgedr_dataops_ext.quality.test_pyspark_validation" name="test_pyspark_dataframe_validation_with_failures" time="0.758" /><testcase classname="tests.tgedr_dataops_ext.quality.test_pyspark_validation" name="test_pyspark_dataframe_validation_empty_dataframe" time="0.140" /><testcase classname="tests.tgedr_dataops_ext.quality.test_pyspark_validation" name="test_pyspark_dataframe_validation_complex_expectations" time="0.896" /><testcase classname="tests.tgedr_dataops_ext.quality.test_pyspark_validation" name="test_pyspark_dataframe_validation_single_column" time="0.652" /><testcase classname="tests.tgedr_dataops_ext.quality.test_pyspark_validation" name="test_pyspark_dataframe_validation_with_null_handling" time="0.639" /><testcase classname="tests.tgedr_dataops_ext.source.test_delta_table_source" name="test_get_missing_url" time="0.001" /><testcase classname="tests.tgedr_dataops_ext.source.test_delta_table_source" name="test_list_missing_url" time="0.000" /><testcase classname="tests.tgedr_dataops_ext.source.test_local_delta_table" name="test_list" time="4.962" /><testcase classname="tests.tgedr_dataops_ext.source.test_local_delta_table" name="test_get" time="1.026" /><testcase classname="tests.tgedr_dataops_ext.source.test_local_delta_table" name="test_get_nosourceexception" time="0.001" /><testcase classname="tests.tgedr_dataops_ext.source.test_local_delta_table" name="test_list_missing_url" time="0.000" /><testcase classname="tests.tgedr_dataops_ext.source.test_local_delta_table" name="test_list_invalid_directory" time="0.000" /><testcase classname="tests.tgedr_dataops_ext.source.test_s3_delta_table" name="test_list" time="0.574" /><testcase classname="tests.tgedr_dataops_ext.source.test_s3_delta_table" name="test_get" time="0.006" /><testcase classname="tests.tgedr_dataops_ext.source.test_s3_delta_table" name="test_list_missing_url" time="0.004" /><testcase classname="tests.tgedr_dataops_ext.source.test_s3_delta_table" name="test_storage_options_with_config" time="0.000" /><testcase classname="tests.tgedr_dataops_ext.store.test_spark_delta" name="test_01_save" time="3.178" /><testcase classname="tests.tgedr_dataops_ext.store.test_spark_delta" name="test_get_nonexistent_table" time="0.013" /><testcase classname="tests.tgedr_dataops_ext.store.test_spark_delta" name="test_02_save_append" time="3.796" /><testcase classname="tests.tgedr_dataops_ext.store.test_spark_delta" name="test_03_save_overwrite" time="3.175" /><testcase classname="tests.tgedr_dataops_ext.store.test_spark_delta" name="test_04_save_with_partitions" time="32.083" /><testcase classname="tests.tgedr_dataops_ext.store.test_spark_delta" name="test_05_metadata" time="4.032" /><testcase classname="tests.tgedr_dataops_ext.store.test_spark_delta" name="test_06_delete_all" time="7.308" /><testcase classname="tests.tgedr_dataops_ext.store.test_spark_delta" name="test_06_delete_one_row" time="2.505" /><testcase classname="tests.tgedr_dataops_ext.store.test_spark_delta" name="test_07_update_one_row" time="4.061" /><testcase classname="tests.tgedr_dataops_ext.store.test_spark_delta" name="test_08_update_one_row_with_partition_change" time="18.701" /><testcase classname="tests.tgedr_dataops_ext.store.test_spark_delta" name="test_09_set_column_comments" time="10.164" /><testcase classname="tests.tgedr_dataops_ext.store.test_spark_delta" name="test_10_schema_change" time="2.146" /><testcase classname="tests.tgedr_dataops_ext.store.test_spark_delta" name="test_get_table_none" time="0.013" /><testcase classname="tests.tgedr_dataops_ext.store.test_spark_delta" name="test_get_table_exception_handling" time="2.163" /><testcase classname="tests.tgedr_dataops_ext.store.test_spark_delta" name="test_delete_criteria_no_suitable_columns" time="0.008" /><testcase classname="tests.tgedr_dataops_ext.store.test_spark_delta" name="test_delete_criteria_with_textual_column" time="0.009" /><testcase classname="tests.tgedr_dataops_ext.store.test_spark_delta" name="test_save_with_metadata_and_retention" time="2.853" /><testcase classname="tests.tgedr_dataops_ext.store.test_spark_delta" name="test_save_with_only_retention_days" time="2.712" /><testcase classname="tests.tgedr_dataops_ext.store.test_spark_delta" name="test_update_without_partition_change" time="10.202" /><testcase classname="tests.tgedr_dataops_ext.store.test_spark_delta" name="test_get_metadata_no_metadata" time="2.100" /><testcase classname="tests.tgedr_dataops_ext.store.test_spark_delta" name="test_get_metadata_nonexistent_table" time="0.007" /><testcase classname="tests.tgedr_dataops_ext.store.test_spark_delta" name="test_get_with_version" time="4.931" /><testcase classname="tests.tgedr_dataops_ext.store.test_spark_delta" name="test_save_overwrite_with_partition_check" time="4.289" /><testcase classname="tests.tgedr_dataops_ext.store.test_spark_delta" name="test_update_creates_table_if_missing" time="2.183" /><testcase classname="tests.tgedr_dataops_ext.store.test_spark_delta" name="test_update_with_missing_columns" time="3.196" /><testcase classname="tests.tgedr_dataops_ext.store.test_spark_delta" name="test_update_with_both_retention_days" time="3.656" /><testcase classname="tests.tgedr_dataops_ext.store.test_spark_delta" name="test_update_with_only_retention_days" time="3.595" /><testcase classname="tests.tgedr_dataops_ext.store.test_spark_delta" name="test_get_metadata_with_version" time="2.346" /></testsuite></testsuites>
